<?xml version="1.0" encoding="UTF-8"?>
<!-- Generated by org.testng.reporters.JUnitXMLReporter -->
<testsuite ignored="0" hostname="LAPTOP-IO7O6G3K" failures="0" tests="2" name="FunctionalTest(Edge)" time="8.886" errors="0" timestamp="2023-04-07T07:38:45 IST">
  <testcase classname="test.VerifySearchWithExistingProduct" name="verifySearchWithExistingProductTest" time="0.591"/>
  <testcase classname="test.VerifySearchWithExistingProduct" name="verifySearchWithNonExistingProductTest" time="0.544"/>
</testsuite> <!-- FunctionalTest(Edge) -->
