<?xml version="1.0" encoding="UTF-8"?>
<!-- Generated by org.testng.reporters.JUnitXMLReporter -->
<testsuite ignored="0" hostname="LAPTOP-IO7O6G3K" failures="2" tests="5" name="FuntionalTest(Chrome)" time="18.325" errors="0" timestamp="2023-04-07T07:45:47 IST">
  <testcase classname="test.VerifySearchWithExistingProduct" name="verifySearchWithExistingProductTest" time="0.553"/>
  <testcase classname="test.VerifySearchWithExistingProduct" name="verifySearchWithNonExistingProductTest" time="0.568"/>
  <testcase classname="test.CartTest" name="verifyCustomerIsAbleToAddProductToCart" time="2.221">
    <failure type="java.lang.NumberFormatException" message="For input string: &amp;quot;DER AMOUNT&amp;quot;">
      <![CDATA[java.lang.NumberFormatException: For input string: "DER AMOUNT"
at java.base/jdk.internal.math.FloatingDecimal.readJavaFormatString(FloatingDecimal.java:2054)
at java.base/jdk.internal.math.FloatingDecimal.parseDouble(FloatingDecimal.java:110)
at java.base/java.lang.Double.parseDouble(Double.java:651)
at pom.CartPage.getOrderAmount(CartPage.java:85)
at pom.CartPage.getTotalOrderAmount(CartPage.java:92)
at test.CartTest.verifyCustomerIsAbleToAddProductToCart(CartTest.java:62)
at java.base/java.util.ArrayList.forEach(ArrayList.java:1511)
... Removed 27 stack frames]]>
    </failure>
  </testcase> <!-- verifyCustomerIsAbleToAddProductToCart -->
  <testcase classname="test.CartTest" name="verifyIfCustomerIsAbletoAddProductToCartUsingQuickView" time="0.797"/>
  <testcase classname="test.CartTest" name="verifyIfCutomerIsAbleToRemoveProductFromCart" time="2.609">
    <failure type="java.lang.AssertionError" message="expected [true] but found [false]">
      <![CDATA[java.lang.AssertionError: expected [true] but found [false]
at test.CartTest.verifyIfCutomerIsAbleToRemoveProductFromCart(CartTest.java:84)
at java.base/java.util.ArrayList.forEach(ArrayList.java:1511)
... Removed 31 stack frames]]>
    </failure>
  </testcase> <!-- verifyIfCutomerIsAbleToRemoveProductFromCart -->
</testsuite> <!-- FuntionalTest(Chrome) -->
